I, [2015-05-05T21:41:43.934747 #11420]  INFO -- default-centos-63: -----> Creating <default-centos-63>...
I, [2015-05-05T21:41:47.185270 #11420]  INFO -- default-centos-63: Bringing machine 'default' up with 'virtualbox' provider...
I, [2015-05-05T21:41:47.447621 #11420]  INFO -- default-centos-63: ==> default: Box 'opscode-centos-6.3' could not be found. Attempting to find and install...
I, [2015-05-05T21:41:47.447760 #11420]  INFO -- default-centos-63:     default: Box Provider: virtualbox
I, [2015-05-05T21:41:47.447963 #11420]  INFO -- default-centos-63:     default: Box Version: >= 0
I, [2015-05-05T21:41:48.474305 #11420]  INFO -- default-centos-63: ==> default: Adding box 'opscode-centos-6.3' (v0) for provider: virtualbox
I, [2015-05-05T21:41:48.478596 #11420]  INFO -- default-centos-63:     default: Downloading: https://opscode-vm-bento.s3.amazonaws.com/vagrant/virtualbox/opscode_centos-6.3_chef-provisionerless.box
I, [2015-05-05T21:41:48.940049 #11420]  INFO -- default-centos-63: [K    default: Progress: 0% (Rate: 0/s, Estimated time remaining: --:--:--)[KAn error occurred while downloading the remote file. The error
I, [2015-05-05T21:41:48.940120 #11420]  INFO -- default-centos-63: message, if any, is reproduced below. Please fix this error and try
I, [2015-05-05T21:41:48.940142 #11420]  INFO -- default-centos-63: again.
I, [2015-05-05T21:41:48.940160 #11420]  INFO -- default-centos-63: 
I, [2015-05-05T21:41:48.940177 #11420]  INFO -- default-centos-63: The requested URL returned error: 404 Not Found
E, [2015-05-05T21:41:48.983680 #11420] ERROR -- default-centos-63: Create failed on instance <default-centos-63>.
E, [2015-05-05T21:41:48.983867 #11420] ERROR -- default-centos-63: ------Exception-------
E, [2015-05-05T21:41:48.983909 #11420] ERROR -- default-centos-63: Class: Kitchen::ShellOut::ShellCommandFailed
E, [2015-05-05T21:41:48.983938 #11420] ERROR -- default-centos-63: Message: Expected process to exit with [0], but received '1'
---- Begin output of vagrant up --no-provision --provider=virtualbox ----
STDOUT: Bringing machine 'default' up with 'virtualbox' provider...
==> default: Box 'opscode-centos-6.3' could not be found. Attempting to find and install...
    default: Box Provider: virtualbox
    default: Box Version: >= 0
==> default: Adding box 'opscode-centos-6.3' (v0) for provider: virtualbox
    default: Downloading: https://opscode-vm-bento.s3.amazonaws.com/vagrant/virtualbox/opscode_centos-6.3_chef-provisionerless.box
[K    default: Progress: 0% (Rate: 0/s, Estimated time remaining: --:--:--)[K
STDERR: An error occurred while downloading the remote file. The error
message, if any, is reproduced below. Please fix this error and try
again.

The requested URL returned error: 404 Not Found
---- End output of vagrant up --no-provision --provider=virtualbox ----
Ran vagrant up --no-provision --provider=virtualbox returned 1
E, [2015-05-05T21:41:48.983973 #11420] ERROR -- default-centos-63: ---Nested Exception---
E, [2015-05-05T21:41:48.984000 #11420] ERROR -- default-centos-63: Class: Mixlib::ShellOut::ShellCommandFailed
E, [2015-05-05T21:41:48.984032 #11420] ERROR -- default-centos-63: Message: Expected process to exit with [0], but received '1'
---- Begin output of vagrant up --no-provision --provider=virtualbox ----
STDOUT: Bringing machine 'default' up with 'virtualbox' provider...
==> default: Box 'opscode-centos-6.3' could not be found. Attempting to find and install...
    default: Box Provider: virtualbox
    default: Box Version: >= 0
==> default: Adding box 'opscode-centos-6.3' (v0) for provider: virtualbox
    default: Downloading: https://opscode-vm-bento.s3.amazonaws.com/vagrant/virtualbox/opscode_centos-6.3_chef-provisionerless.box
[K    default: Progress: 0% (Rate: 0/s, Estimated time remaining: --:--:--)[K
STDERR: An error occurred while downloading the remote file. The error
message, if any, is reproduced below. Please fix this error and try
again.

The requested URL returned error: 404 Not Found
---- End output of vagrant up --no-provision --provider=virtualbox ----
Ran vagrant up --no-provision --provider=virtualbox returned 1
E, [2015-05-05T21:41:48.984096 #11420] ERROR -- default-centos-63: ------Backtrace-------
E, [2015-05-05T21:41:48.984126 #11420] ERROR -- default-centos-63: /opt/chefdk/embedded/apps/test-kitchen/lib/kitchen/shell_out.rb:69:in `rescue in run_command'
E, [2015-05-05T21:41:48.984153 #11420] ERROR -- default-centos-63: /opt/chefdk/embedded/apps/test-kitchen/lib/kitchen/shell_out.rb:59:in `run_command'
E, [2015-05-05T21:41:48.984180 #11420] ERROR -- default-centos-63: /opt/chefdk/embedded/apps/test-kitchen/lib/kitchen/driver/base.rb:182:in `run_command'
E, [2015-05-05T21:41:48.984206 #11420] ERROR -- default-centos-63: /opt/chefdk/embedded/lib/ruby/gems/2.1.0/gems/kitchen-vagrant-0.15.0/lib/kitchen/driver/vagrant.rb:123:in `run'
E, [2015-05-05T21:41:48.984231 #11420] ERROR -- default-centos-63: /opt/chefdk/embedded/lib/ruby/gems/2.1.0/gems/kitchen-vagrant-0.15.0/lib/kitchen/driver/vagrant.rb:68:in `create'
E, [2015-05-05T21:41:48.984258 #11420] ERROR -- default-centos-63: /opt/chefdk/embedded/apps/test-kitchen/lib/kitchen/instance.rb:352:in `public_send'
E, [2015-05-05T21:41:48.984283 #11420] ERROR -- default-centos-63: /opt/chefdk/embedded/apps/test-kitchen/lib/kitchen/instance.rb:352:in `block in perform_action'
E, [2015-05-05T21:41:48.984314 #11420] ERROR -- default-centos-63: /opt/chefdk/embedded/apps/test-kitchen/lib/kitchen/instance.rb:413:in `call'
E, [2015-05-05T21:41:48.984416 #11420] ERROR -- default-centos-63: /opt/chefdk/embedded/apps/test-kitchen/lib/kitchen/instance.rb:413:in `block in synchronize_or_call'
E, [2015-05-05T21:41:48.984444 #11420] ERROR -- default-centos-63: /opt/chefdk/embedded/apps/test-kitchen/lib/kitchen/instance.rb:411:in `synchronize'
E, [2015-05-05T21:41:48.984471 #11420] ERROR -- default-centos-63: /opt/chefdk/embedded/apps/test-kitchen/lib/kitchen/instance.rb:411:in `synchronize_or_call'
E, [2015-05-05T21:41:48.984498 #11420] ERROR -- default-centos-63: /opt/chefdk/embedded/apps/test-kitchen/lib/kitchen/instance.rb:381:in `block in action'
E, [2015-05-05T21:41:48.984524 #11420] ERROR -- default-centos-63: /opt/chefdk/embedded/lib/ruby/2.1.0/benchmark.rb:279:in `measure'
E, [2015-05-05T21:41:48.984550 #11420] ERROR -- default-centos-63: /opt/chefdk/embedded/apps/test-kitchen/lib/kitchen/instance.rb:380:in `action'
E, [2015-05-05T21:41:48.984575 #11420] ERROR -- default-centos-63: /opt/chefdk/embedded/apps/test-kitchen/lib/kitchen/instance.rb:352:in `perform_action'
E, [2015-05-05T21:41:48.984601 #11420] ERROR -- default-centos-63: /opt/chefdk/embedded/apps/test-kitchen/lib/kitchen/instance.rb:303:in `create_action'
E, [2015-05-05T21:41:48.984632 #11420] ERROR -- default-centos-63: /opt/chefdk/embedded/apps/test-kitchen/lib/kitchen/instance.rb:292:in `block in transition_to'
E, [2015-05-05T21:41:48.984659 #11420] ERROR -- default-centos-63: /opt/chefdk/embedded/apps/test-kitchen/lib/kitchen/instance.rb:291:in `each'
E, [2015-05-05T21:41:48.984685 #11420] ERROR -- default-centos-63: /opt/chefdk/embedded/apps/test-kitchen/lib/kitchen/instance.rb:291:in `transition_to'
E, [2015-05-05T21:41:48.984710 #11420] ERROR -- default-centos-63: /opt/chefdk/embedded/apps/test-kitchen/lib/kitchen/instance.rb:130:in `converge'
E, [2015-05-05T21:41:48.984736 #11420] ERROR -- default-centos-63: /opt/chefdk/embedded/apps/test-kitchen/lib/kitchen/command.rb:176:in `public_send'
E, [2015-05-05T21:41:48.984762 #11420] ERROR -- default-centos-63: /opt/chefdk/embedded/apps/test-kitchen/lib/kitchen/command.rb:176:in `block (2 levels) in run_action'
E, [2015-05-05T21:41:48.984787 #11420] ERROR -- default-centos-63: ----------------------
